[2019-12-01T11:34:26.722] [DEBUG] cheese - login => username:zs,password:1234
[2019-12-01T11:49:51.139] [DEBUG] cheese - login => username:zs,password:123456
[2019-12-01T11:49:51.140] [DEBUG] cheese - zs
[2019-12-01T11:49:51.147] [DEBUG] cheese - null
[2019-12-01T11:49:51.148] [DEBUG] cheese - null
[2019-12-01T11:49:59.533] [DEBUG] cheese - login => username:admin,password:123456
[2019-12-01T11:49:59.533] [DEBUG] cheese - admin
[2019-12-01T11:49:59.538] [DEBUG] cheese - null
[2019-12-01T11:49:59.538] [DEBUG] cheese - null
[2020-01-04T14:16:53.988] [DEBUG] cheese - login => username:zs11,password:12312121313
[2020-01-04T14:16:53.989] [DEBUG] cheese - zs11
[2020-01-04T14:16:53.998] [DEBUG] cheese - null
[2020-01-04T14:16:53.998] [DEBUG] cheese - null
[2020-01-04T14:17:57.294] [DEBUG] cheese - login => username:zs11,password:1231212131
[2020-01-04T14:17:57.294] [DEBUG] cheese - zs11
[2020-01-04T14:17:57.298] [DEBUG] cheese - null
[2020-01-04T14:17:57.298] [DEBUG] cheese - null
[2020-01-04T14:19:18.081] [DEBUG] cheese - login => username:zs1212,password:1231313131
[2020-01-04T14:19:18.081] [DEBUG] cheese - zs1212
[2020-01-04T14:19:18.084] [DEBUG] cheese - null
[2020-01-04T14:19:18.084] [DEBUG] cheese - null
[2020-01-04T14:19:25.676] [DEBUG] cheese - login => username:admin,password:123456
[2020-01-04T14:19:25.676] [DEBUG] cheese - admin
[2020-01-04T14:19:25.680] [DEBUG] cheese - null
[2020-01-04T14:19:25.680] [DEBUG] cheese - null
[2020-01-04T14:24:43.626] [DEBUG] cheese - login => username:zs11,password:12312131
[2020-01-04T14:24:43.626] [DEBUG] cheese - zs11
[2020-01-04T14:24:43.628] [DEBUG] cheese - null
[2020-01-04T14:24:43.628] [DEBUG] cheese - null
[2020-01-04T14:24:53.363] [DEBUG] cheese - login => username:admin,password:123456
[2020-01-04T14:24:53.364] [DEBUG] cheese - admin
[2020-01-04T14:24:53.366] [DEBUG] cheese - null
[2020-01-04T14:24:53.366] [DEBUG] cheese - null
[2020-01-04T14:26:51.600] [DEBUG] cheese - login => username:admin,password:123456
[2020-01-04T14:26:51.600] [DEBUG] cheese - admin
[2020-01-04T14:26:51.602] [DEBUG] cheese - null
[2020-01-04T14:26:51.603] [DEBUG] cheese - null
[2020-01-04T14:27:09.627] [DEBUG] cheese - login => username:admin,password:123456
[2020-01-04T14:27:09.627] [DEBUG] cheese - admin
[2020-01-04T14:27:09.629] [DEBUG] cheese - null
[2020-01-04T14:27:09.629] [DEBUG] cheese - null
[2020-01-04T14:27:23.309] [DEBUG] cheese - login => username:admin,password:123456
[2020-01-04T14:27:23.309] [DEBUG] cheese - admin
[2020-01-04T14:27:23.312] [DEBUG] cheese - null
[2020-01-04T14:27:23.312] [DEBUG] cheese - null
[2020-01-04T14:29:06.862] [DEBUG] cheese - login => username:admin,password:123456
[2020-01-04T14:29:06.862] [DEBUG] cheese - admin
[2020-01-04T14:29:06.864] [DEBUG] cheese - null
[2020-01-04T14:29:06.864] [DEBUG] cheese - null
[2020-01-04T14:30:58.208] [DEBUG] cheese - login => username:admin,password:123456
[2020-01-04T14:30:58.208] [DEBUG] cheese - admin
[2020-01-04T14:30:58.212] [DEBUG] cheese - null
[2020-01-04T14:30:58.212] [DEBUG] cheese - null
[2020-01-04T14:31:22.268] [DEBUG] cheese - login => username:admin,password:123456
[2020-01-04T14:31:22.268] [DEBUG] cheese - admin
[2020-01-04T14:31:22.271] [DEBUG] cheese - null
[2020-01-04T14:31:22.271] [DEBUG] cheese - null
[2020-01-04T14:36:41.316] [DEBUG] cheese - login => username:admin,password:123456
[2020-01-04T14:36:41.316] [DEBUG] cheese - admin
[2020-01-04T14:36:41.319] [DEBUG] cheese - null
[2020-01-04T14:36:41.319] [DEBUG] cheese - null
[2020-01-04T14:37:08.895] [DEBUG] cheese - login => username:admin,password:123456
[2020-01-04T14:37:08.895] [DEBUG] cheese - admin
[2020-01-04T14:37:08.897] [DEBUG] cheese - null
[2020-01-04T14:37:08.897] [DEBUG] cheese - null
[2020-01-04T14:40:30.406] [DEBUG] cheese - login => username:admin,password:123456
[2020-01-04T14:40:30.406] [DEBUG] cheese - admin
[2020-01-04T14:40:30.409] [DEBUG] cheese - null
[2020-01-04T14:40:30.409] [DEBUG] cheese - null
[2020-01-04T14:43:56.701] [DEBUG] cheese - login => username:admin,password:123456
[2020-01-04T14:43:56.701] [DEBUG] cheese - admin
[2020-01-04T14:43:56.704] [DEBUG] cheese - null
[2020-01-04T14:43:56.704] [DEBUG] cheese - null
[2020-01-04T14:44:06.284] [DEBUG] cheese - login => username:admin,password:123456
[2020-01-04T14:44:06.284] [DEBUG] cheese - admin
[2020-01-04T14:44:06.286] [DEBUG] cheese - null
[2020-01-04T14:44:06.286] [DEBUG] cheese - null
[2020-01-04T15:23:15.119] [DEBUG] cheese - login => username:admin,password:123456
[2020-01-04T15:23:15.120] [DEBUG] cheese - admin
[2020-01-04T15:23:15.129] [DEBUG] cheese - null
[2020-01-04T15:23:15.130] [DEBUG] cheese - null
[2020-01-04T15:23:19.223] [DEBUG] cheese - login => username:admin,password:123456
[2020-01-04T15:23:19.223] [DEBUG] cheese - admin
[2020-01-04T15:23:19.226] [DEBUG] cheese - null
[2020-01-04T15:23:19.226] [DEBUG] cheese - null
[2020-01-04T15:30:37.356] [DEBUG] cheese - login => username:admin,password:123456
[2020-01-04T15:30:37.358] [DEBUG] cheese - admin
[2020-01-04T15:30:37.371] [DEBUG] cheese - null
[2020-01-04T15:30:37.372] [DEBUG] cheese - null
[2020-01-04T16:33:35.680] [DEBUG] cheese - login => username:admin,password:123456
[2020-01-04T16:33:35.681] [DEBUG] cheese - admin
[2020-01-04T16:33:35.692] [DEBUG] cheese - null
[2020-01-04T16:33:35.693] [DEBUG] cheese - null
[2020-01-04T16:33:37.372] [DEBUG] cheese - login => username:admin,password:123456
[2020-01-04T16:33:37.372] [DEBUG] cheese - admin
[2020-01-04T16:33:37.376] [DEBUG] cheese - null
[2020-01-04T16:33:37.376] [DEBUG] cheese - null
[2020-01-04T16:35:04.687] [DEBUG] cheese - login => username:admin,password:123456
[2020-01-04T16:35:04.687] [DEBUG] cheese - admin
[2020-01-04T16:35:04.689] [DEBUG] cheese - null
[2020-01-04T16:35:04.689] [DEBUG] cheese - null
[2020-01-04T16:37:06.342] [DEBUG] cheese - login => username:admin,password:123456
[2020-01-04T16:37:06.342] [DEBUG] cheese - admin
[2020-01-04T16:37:06.344] [DEBUG] cheese - null
[2020-01-04T16:37:06.345] [DEBUG] cheese - null
[2020-01-04T18:18:42.173] [DEBUG] cheese - login => username:admin,password:123456
[2020-01-04T18:18:42.173] [DEBUG] cheese - admin
[2020-01-04T18:18:42.177] [DEBUG] cheese - null
[2020-01-04T18:18:42.177] [DEBUG] cheese - null
[2020-01-04T18:19:38.860] [DEBUG] cheese - login => username:admin,password:123456
[2020-01-04T18:19:38.860] [DEBUG] cheese - admin
[2020-01-04T18:19:38.862] [DEBUG] cheese - null
[2020-01-04T18:19:38.862] [DEBUG] cheese - null
[2020-01-04T18:28:40.857] [DEBUG] cheese - login => username:admin,password:123456
[2020-01-04T18:28:40.858] [DEBUG] cheese - admin
[2020-01-04T18:28:40.860] [DEBUG] cheese - null
[2020-01-04T18:28:40.860] [DEBUG] cheese - null
[2020-01-04T18:41:25.797] [DEBUG] cheese - login => username:admin,password:123456
[2020-01-04T18:41:25.797] [DEBUG] cheese - admin
[2020-01-04T18:41:25.800] [DEBUG] cheese - null
[2020-01-04T18:41:25.800] [DEBUG] cheese - null
[2020-01-04T19:27:28.034] [DEBUG] cheese - login => username:admin,password:123456
[2020-01-04T19:27:28.035] [DEBUG] cheese - admin
[2020-01-04T19:27:28.040] [DEBUG] cheese - null
[2020-01-04T19:27:28.040] [DEBUG] cheese - null
[2020-01-04T19:27:37.683] [DEBUG] cheese - login => username:admin,password:123456
[2020-01-04T19:27:37.683] [DEBUG] cheese - admin
[2020-01-04T19:27:37.685] [DEBUG] cheese - null
[2020-01-04T19:27:37.685] [DEBUG] cheese - null
[2020-01-04T19:43:34.087] [DEBUG] cheese - login => username:admin,password:123456
[2020-01-04T19:43:34.087] [DEBUG] cheese - admin
[2020-01-04T19:43:34.090] [DEBUG] cheese - null
[2020-01-04T19:43:34.090] [DEBUG] cheese - null
[2020-01-04T19:45:16.764] [DEBUG] cheese - login => username:admin,password:123456
[2020-01-04T19:45:16.764] [DEBUG] cheese - admin
[2020-01-04T19:45:16.767] [DEBUG] cheese - null
[2020-01-04T19:45:16.767] [DEBUG] cheese - null
[2020-01-04T19:45:27.053] [DEBUG] cheese - login => username:admin,password:123456
[2020-01-04T19:45:27.053] [DEBUG] cheese - admin
[2020-01-04T19:45:27.055] [DEBUG] cheese - null
[2020-01-04T19:45:27.055] [DEBUG] cheese - null
[2020-01-04T19:48:35.834] [DEBUG] cheese - login => username:admin,password:123456
[2020-01-04T19:48:35.835] [DEBUG] cheese - admin
[2020-01-04T19:48:35.838] [DEBUG] cheese - null
[2020-01-04T19:48:35.838] [DEBUG] cheese - null
[2020-01-04T19:48:46.784] [DEBUG] cheese - login => username:admin,password:123456
[2020-01-04T19:48:46.784] [DEBUG] cheese - admin
[2020-01-04T19:48:46.788] [DEBUG] cheese - null
[2020-01-04T19:48:46.788] [DEBUG] cheese - null
[2020-01-04T20:27:57.665] [DEBUG] cheese - login => username:admin,password:123456
[2020-01-04T20:27:57.665] [DEBUG] cheese - admin
[2020-01-04T20:27:57.671] [DEBUG] cheese - null
[2020-01-04T20:27:57.671] [DEBUG] cheese - null
[2020-01-04T20:33:38.118] [DEBUG] cheese - login => username:admin,password:123456
[2020-01-04T20:33:38.118] [DEBUG] cheese - admin
[2020-01-04T20:33:38.121] [DEBUG] cheese - null
[2020-01-04T20:33:38.121] [DEBUG] cheese - null
[2020-01-04T20:47:10.610] [DEBUG] cheese - login => username:admin,password:123456
[2020-01-04T20:47:10.610] [DEBUG] cheese - admin
[2020-01-04T20:47:10.612] [DEBUG] cheese - null
[2020-01-04T20:47:10.612] [DEBUG] cheese - null
[2020-01-04T21:10:04.475] [DEBUG] cheese - login => username:admin,password:123456
[2020-01-04T21:10:04.475] [DEBUG] cheese - admin
[2020-01-04T21:10:04.477] [DEBUG] cheese - null
[2020-01-04T21:10:04.477] [DEBUG] cheese - null
[2020-01-04T21:10:10.648] [DEBUG] cheese - login => username:admin,password:123456
[2020-01-04T21:10:10.648] [DEBUG] cheese - admin
[2020-01-04T21:10:10.651] [DEBUG] cheese - null
[2020-01-04T21:10:10.651] [DEBUG] cheese - null
[2020-01-05T11:19:15.353] [DEBUG] cheese - login => username:caoyajun,password:123456
[2020-01-05T11:19:15.354] [DEBUG] cheese - caoyajun
[2020-01-05T11:19:15.358] [DEBUG] cheese - null
[2020-01-05T11:19:15.358] [DEBUG] cheese - null
[2020-01-05T11:19:20.268] [DEBUG] cheese - login => username:admin,password:123456
[2020-01-05T11:19:20.268] [DEBUG] cheese - admin
[2020-01-05T11:19:20.270] [DEBUG] cheese - null
[2020-01-05T11:19:20.270] [DEBUG] cheese - null
[2020-01-05T22:59:27.327] [DEBUG] cheese - null
[2020-01-05T23:04:18.034] [DEBUG] cheese - login => username:admin,password:123456
[2020-01-05T23:04:18.036] [DEBUG] cheese - admin
[2020-01-05T23:04:18.046] [DEBUG] cheese - null
[2020-01-05T23:04:18.047] [DEBUG] cheese - null
[2020-01-05T23:04:24.835] [DEBUG] cheese - null
[2020-01-05T23:05:23.097] [DEBUG] cheese - null
[2020-01-05T23:09:00.776] [DEBUG] cheese - null
[2020-01-05T23:11:30.536] [DEBUG] cheese - null
[2020-01-06T14:22:01.357] [DEBUG] cheese - login => username:admin,password:123456
[2020-01-06T14:22:01.358] [DEBUG] cheese - admin
[2020-01-06T14:22:01.371] [DEBUG] cheese - null
[2020-01-06T14:22:01.371] [DEBUG] cheese - null
[2020-01-06T15:38:31.547] [DEBUG] cheese - null
[2020-01-06T16:16:06.529] [DEBUG] cheese - login => username:admin,password:123456
[2020-01-06T16:16:06.529] [DEBUG] cheese - admin
[2020-01-06T16:16:06.531] [DEBUG] cheese - null
[2020-01-06T16:16:06.531] [DEBUG] cheese - null
[2020-01-06T16:31:15.779] [DEBUG] cheese - login => username:admin,password:123456
[2020-01-06T16:31:15.780] [DEBUG] cheese - admin
[2020-01-06T16:31:15.783] [DEBUG] cheese - null
[2020-01-06T16:31:15.784] [DEBUG] cheese - null
[2020-01-06T22:02:58.190] [DEBUG] cheese - login => username:admin,password:123456
[2020-01-06T22:02:58.192] [DEBUG] cheese - admin
[2020-01-06T22:02:58.201] [DEBUG] cheese - null
[2020-01-06T22:02:58.201] [DEBUG] cheese - null
[2020-01-07T09:51:59.499] [DEBUG] cheese - login => username:admin,password:123456
[2020-01-07T09:51:59.500] [DEBUG] cheese - admin
[2020-01-07T09:51:59.525] [DEBUG] cheese - null
[2020-01-07T09:51:59.525] [DEBUG] cheese - null
[2020-01-07T10:46:01.066] [DEBUG] cheese - login => username:admin,password:123456
[2020-01-07T10:46:01.067] [DEBUG] cheese - admin
[2020-01-07T10:46:01.080] [DEBUG] cheese - null
[2020-01-07T10:46:01.080] [DEBUG] cheese - null
[2020-01-07T17:07:14.422] [DEBUG] cheese - login => username:admin,password:123456
[2020-01-07T17:07:14.423] [DEBUG] cheese - admin
[2020-01-07T17:07:14.434] [DEBUG] cheese - null
[2020-01-07T17:07:14.435] [DEBUG] cheese - null
[2020-01-07T21:18:48.818] [DEBUG] cheese - login => username:admin,password:123456
[2020-01-07T21:18:48.820] [DEBUG] cheese - admin
[2020-01-07T21:18:48.825] [DEBUG] cheese - null
[2020-01-07T21:18:48.825] [DEBUG] cheese - null
[2020-01-08T10:19:05.020] [DEBUG] cheese - login => username:admin,password:123456
[2020-01-08T10:19:05.021] [DEBUG] cheese - admin
[2020-01-08T10:19:05.031] [DEBUG] cheese - null
[2020-01-08T10:19:05.031] [DEBUG] cheese - null
[2020-01-08T16:24:05.595] [DEBUG] cheese - login => username:admin,password:123456
[2020-01-08T16:24:05.597] [DEBUG] cheese - admin
[2020-01-08T16:24:05.602] [DEBUG] cheese - null
[2020-01-08T16:24:05.602] [DEBUG] cheese - null
[2020-01-08T20:56:47.258] [DEBUG] cheese - login => username:admin,password:123456
[2020-01-08T20:56:47.259] [DEBUG] cheese - admin
[2020-01-08T20:56:47.270] [DEBUG] cheese - null
[2020-01-08T20:56:47.270] [DEBUG] cheese - null
[2020-01-08T22:03:54.837] [DEBUG] cheese - login => username:admin,password:123456
[2020-01-08T22:03:54.839] [DEBUG] cheese - admin
[2020-01-08T22:03:54.842] [DEBUG] cheese - null
[2020-01-08T22:03:54.842] [DEBUG] cheese - null
[2020-01-08T22:36:59.463] [DEBUG] cheese - null
[2020-01-08T22:46:03.466] [DEBUG] cheese - login => username:admin,password:123456
[2020-01-08T22:46:03.467] [DEBUG] cheese - admin
[2020-01-08T22:46:03.471] [DEBUG] cheese - null
[2020-01-08T22:46:03.472] [DEBUG] cheese - null
[2020-01-09T12:25:18.277] [DEBUG] cheese - login => username:admin,password:123456
[2020-01-09T12:25:18.278] [DEBUG] cheese - admin
[2020-01-09T12:25:18.290] [DEBUG] cheese - null
[2020-01-09T12:25:18.291] [DEBUG] cheese - null
[2020-01-09T13:03:33.559] [DEBUG] cheese - login => username:admin,password:123456
[2020-01-09T13:03:33.561] [DEBUG] cheese - admin
[2020-01-09T13:03:33.565] [DEBUG] cheese - null
[2020-01-09T13:03:33.566] [DEBUG] cheese - null
[2020-01-09T13:23:30.099] [DEBUG] cheese - login => username:admin,password:123456
[2020-01-09T13:23:30.099] [DEBUG] cheese - admin
[2020-01-09T13:23:30.101] [DEBUG] cheese - null
[2020-01-09T13:23:30.101] [DEBUG] cheese - null
[2020-01-09T13:48:25.890] [DEBUG] cheese - login => username:admin,password:123456
[2020-01-09T13:48:25.891] [DEBUG] cheese - admin
[2020-01-09T13:48:25.895] [DEBUG] cheese - null
[2020-01-09T13:48:25.895] [DEBUG] cheese - null
[2020-01-09T13:54:41.841] [DEBUG] cheese - login => username:admin,password:123456
[2020-01-09T13:54:41.841] [DEBUG] cheese - admin
[2020-01-09T13:54:41.843] [DEBUG] cheese - null
[2020-01-09T13:54:41.843] [DEBUG] cheese - null
[2020-01-09T13:54:47.881] [DEBUG] cheese - login => username:admin,password:123456
[2020-01-09T13:54:47.881] [DEBUG] cheese - admin
[2020-01-09T13:54:47.883] [DEBUG] cheese - null
[2020-01-09T13:54:47.883] [DEBUG] cheese - null
[2020-01-09T13:57:52.883] [DEBUG] cheese - login => username:admin,password:123456
[2020-01-09T13:57:52.883] [DEBUG] cheese - admin
[2020-01-09T13:57:52.885] [DEBUG] cheese - null
[2020-01-09T13:57:52.885] [DEBUG] cheese - null
[2020-01-09T14:03:42.681] [DEBUG] cheese - login => username:admin,password:123456
[2020-01-09T14:03:42.682] [DEBUG] cheese - admin
[2020-01-09T14:03:42.685] [DEBUG] cheese - null
[2020-01-09T14:03:42.685] [DEBUG] cheese - null
[2020-01-09T14:04:46.697] [DEBUG] cheese - login => username:admin,password:123456
[2020-01-09T14:04:46.697] [DEBUG] cheese - admin
[2020-01-09T14:04:46.699] [DEBUG] cheese - null
[2020-01-09T14:04:46.699] [DEBUG] cheese - null
[2020-01-09T14:09:00.645] [DEBUG] cheese - login => username:admin,password:123456
[2020-01-09T14:09:00.645] [DEBUG] cheese - admin
[2020-01-09T14:09:00.648] [DEBUG] cheese - null
[2020-01-09T14:09:00.648] [DEBUG] cheese - null
[2020-01-09T14:09:10.919] [DEBUG] cheese - login => username:admin,password:123456
[2020-01-09T14:09:10.920] [DEBUG] cheese - admin
[2020-01-09T14:09:10.924] [DEBUG] cheese - null
[2020-01-09T14:09:10.924] [DEBUG] cheese - null
[2020-01-09T14:09:16.817] [DEBUG] cheese - login => username:admin,password:123456
[2020-01-09T14:09:16.817] [DEBUG] cheese - admin
[2020-01-09T14:09:16.821] [DEBUG] cheese - null
[2020-01-09T14:09:16.821] [DEBUG] cheese - null
[2020-01-09T14:09:25.198] [DEBUG] cheese - login => username:admin,password:123456
[2020-01-09T14:09:25.198] [DEBUG] cheese - admin
[2020-01-09T14:09:25.200] [DEBUG] cheese - null
[2020-01-09T14:09:25.200] [DEBUG] cheese - null
[2020-01-09T14:09:30.393] [DEBUG] cheese - login => username:admin,password:123456
[2020-01-09T14:09:30.393] [DEBUG] cheese - admin
[2020-01-09T14:09:30.394] [DEBUG] cheese - null
[2020-01-09T14:09:30.394] [DEBUG] cheese - null
[2020-01-09T14:09:32.642] [DEBUG] cheese - login => username:admin,password:123456
[2020-01-09T14:09:32.643] [DEBUG] cheese - admin
[2020-01-09T14:09:32.646] [DEBUG] cheese - null
[2020-01-09T14:09:32.646] [DEBUG] cheese - null
[2020-01-09T14:14:36.718] [DEBUG] cheese - login => username:admin,password:123456
[2020-01-09T14:14:36.718] [DEBUG] cheese - admin
[2020-01-09T14:14:36.720] [DEBUG] cheese - null
[2020-01-09T14:14:36.720] [DEBUG] cheese - null
[2020-01-09T14:15:13.206] [DEBUG] cheese - login => username:admin,password:1213131
[2020-01-09T14:15:13.207] [DEBUG] cheese - admin
[2020-01-09T14:15:13.211] [DEBUG] cheese - null
[2020-01-09T14:15:13.212] [DEBUG] cheese - null
[2020-01-09T14:15:18.651] [DEBUG] cheese - login => username:admin,password:123456
[2020-01-09T14:15:18.651] [DEBUG] cheese - admin
[2020-01-09T14:15:18.653] [DEBUG] cheese - null
[2020-01-09T14:15:18.653] [DEBUG] cheese - null
[2020-01-09T14:17:01.223] [DEBUG] cheese - login => username:admin,password:123456
[2020-01-09T14:17:01.224] [DEBUG] cheese - admin
[2020-01-09T14:17:01.226] [DEBUG] cheese - null
[2020-01-09T14:17:01.227] [DEBUG] cheese - null
[2020-01-09T14:28:55.145] [DEBUG] cheese - login => username:admin,password:123456
[2020-01-09T14:28:55.145] [DEBUG] cheese - admin
[2020-01-09T14:28:55.148] [DEBUG] cheese - null
[2020-01-09T14:28:55.148] [DEBUG] cheese - null
[2020-01-09T14:59:27.645] [DEBUG] cheese - login => username:admin,password:123456
[2020-01-09T14:59:27.646] [DEBUG] cheese - admin
[2020-01-09T14:59:27.651] [DEBUG] cheese - null
[2020-01-09T14:59:27.652] [DEBUG] cheese - null
[2020-01-09T17:47:09.413] [DEBUG] cheese - login => username:admin,password:123456
[2020-01-09T17:47:09.414] [DEBUG] cheese - admin
[2020-01-09T17:47:09.427] [DEBUG] cheese - null
[2020-01-09T17:47:09.428] [DEBUG] cheese - null
[2020-01-22T15:23:26.003] [DEBUG] cheese - login => username:admin,password:123456
[2020-01-22T15:23:26.004] [DEBUG] cheese - admin
[2020-01-22T15:23:26.016] [DEBUG] cheese - null
[2020-01-22T15:23:26.016] [DEBUG] cheese - null
